-----------
LASTDD=99999
NEW K= 49.1875   38.1875   K-HISDIS= 41.8473
NEW K= 41.75     54.6875   K-HISDIS= 31.9302
RUNDD= 41.8473
DD=    99957.2
-----------
LASTDD=41.8473
NEW K= 50.3125   53.125    K-HISDIS= 14.9798
NEW K= 40.625    39.75     K-HISDIS= 14.9798
RUNDD= 14.9798
DD=    26.8675
-----------
LASTDD=14.9798
NEW K= 32.4375   27.4375   K-HISDIS= 31.2948
NEW K= 58.5      65.4375   K-HISDIS= 31.2948
RUNDD= 31.2948
DD=    16.315
-----------
LASTDD=31.2948
NEW K= 63.8125   70.3125   K-HISDIS= 53.1287
NEW K= 27.125    22.5625   K-HISDIS= 53.1287
RUNDD= 53.1287
DD=    21.8339
-----------
LASTDD=53.1287
NEW K= 27.125    22.5625   K-HISDIS= 60.2166
NEW K= 63.8125   70.3125   K-HISDIS= 60.2166
RUNDD= 60.2166
DD=    7.08789
-----------
LASTDD=60.2166
NEW K= 63.8125   70.3125   K-HISDIS= 60.2166
NEW K= 27.125    22.5625   K-HISDIS= 60.2166
RUNDD= 60.2166
DD=    0
-----------
29  ,12  ,10.7276   67.9136   ,1
21  ,33  ,12.1019   56.7903   ,1
23  ,23  ,4.14814   62.4831   ,1
25  ,23  ,2.16957   61.1954   ,1
33  ,24  ,6.04831   55.6261   ,1
22  ,36  ,14.3817   54.0891   ,1
23  ,12  ,11.3394   71.1759   ,1
16  ,20  ,11.4163   69.4074   ,1
23  ,32  ,10.2996   55.9777   ,1
33  ,10  ,13.8684   67.7275   ,1
26  ,23  ,1.20708   60.5661   ,1
32  ,14  ,9.85302   64.6771   ,1
33  ,7   ,16.6345   70.4122   ,1
38  ,4   ,21.5135   71.1592   ,1
13  ,33  ,17.5629   63.0407   ,1
65  ,77  ,66.3171   6.79211   ,0
43  ,63  ,43.442    22.0598   ,0
81  ,87  ,83.9923   23.9559   ,0
72  ,64  ,61.0805   10.3384   ,0
54  ,71  ,55.3937   9.83655   ,0
61  ,67  ,55.8767   4.34544   ,0
81  ,58  ,64.4851   21.1426   ,0
57  ,81  ,65.6312   12.6741   ,0
54  ,79  ,62.5097   13.1056   ,0
50  ,82  ,63.6874   18.0937   ,0
53  ,62  ,47.1681   13.6385   ,0
74  ,58  ,58.7629   15.9807   ,0
77  ,55  ,59.4954   20.2085   ,0
69  ,81  ,71.892    11.8799   ,0
70  ,82  ,73.2877   13.2243   ,0
44  ,55  ,36.5644   25.0401   ,1
60  ,58  ,48.3382   12.8893   ,0

real    0m0.002s
user    0m0.001s
sys     0m0.000s
